<?xml version="1.0" encoding="UTF-8"?>
<beans xmlns="http://www.springframework.org/schema/beans"
	xmlns:xsi="http://www.w3.org/2001/XMLSchema-instance" xmlns:mockito="http://www.mockito.org/spring/mockito"
	xsi:schemaLocation="http://www.springframework.org/schema/beans http://www.springframework.org/schema/beans/spring-beans.xsd
	http://www.mockito.org/spring/mockito classpath:/spring/mockito.xsd">
	
	<bean id="amazonTemporaryCredentialsProvider" class="com.makethings.communication.amazon.AmazonSTSCredentialsProvider">
		<property name="awsCredentials" ref="awsCredentials" />
		<property name="amazonServiceFactory" ref="amazonServiceFactory" />
	</bean>
	
	<alias name="amazonTemporaryCredentialsProvider" alias="queueServiceCredentialsProvider"/>

</beans>
